================================================================================
7星彩智能预测系统 - 完整日志
执行时间: 2026-04-01 16:04:11
耗时: 76.2秒
历史数据期数: 823
预测期数: 5
================================================================================

【最终集成预测结果】
--------------------------------------------------

第 26036 期预测:
  候选1: [9 4 6 1 3 8 4] 置信度: 0.00%
  候选2: [4 8 3 3 0 8 2] 置信度: 0.00%
  候选3: [6 5 8 2 4 8 11] 置信度: 0.00%

第 26037 期预测:
  候选1: [6 0 0 3 5 7 11] 置信度: 0.00%
  候选2: [9 9 5 9 4 3 14] 置信度: 0.00%
  候选3: [1 4 4 1 7 5 2] 置信度: 0.00%

第 26038 期预测:
  候选1: [7 2 7 2 7 1 0] 置信度: 0.00%
  候选2: [1 9 3 8 3 4 3] 置信度: 0.00%
  候选3: [1 0 4 0 7 6 3] 置信度: 0.00%

第 26039 期预测:
  候选1: [5 9 7 9 3 8 14] 置信度: 0.00%
  候选2: [1 0 4 3 3 0 4] 置信度: 0.00%
  候选3: [3 5 7 6 1 9 14] 置信度: 0.00%

第 26040 期预测:
  候选1: [4 6 4 2 4 4 14] 置信度: 0.00%
  候选2: [1 4 5 9 7 3 11] 置信度: 0.00%
  候选3: [0 0 0 9 8 6 1] 置信度: 0.00%


【各算法独立预测结果（第1期）】
--------------------------------------------------
      频率分析: [7 6 2 0 4 2 9] 和值=30
      热号冷号: [4 8 9 5 2 9 6] 和值=43
     马尔可夫链: [5 2 2 6 1 8 1] 和值=25
      加权近期: [6 8 9 5 4 9 14] 和值=55
      差值趋势: [8 2 9 8 2 6 14] 和值=49
      模式匹配: [5 4 1 2 9 3 11] 和值=35
       贝叶斯: [1 4 9 9 3 3 13] 和值=42
      随机森林: [3 4 2 7 4 2 2] 和值=24
      LSTM: [4 4 4 7 8 8 11] 和值=46
       GRU: [4 6 1 0 7 2 5] 和值=25
       GAN: [0 4 3 9 9 1 5] 和值=31
        RL: [1 4 9 5 7 8 14] 和值=48


【第1期详细概率分布】
--------------------------------------------------
位置1(0~9): 4(13.1%) 7(12.0%) 1(11.3%) 3(10.7%) 8(10.3%) 
位置2(0~9): 4(16.3%) 9(11.9%) 8(10.7%) 5(10.4%) 6(10.3%) 
位置3(0~9): 3(14.4%) 9(13.2%) 4(10.7%) 1(10.2%) 8(9.9%) 
位置4(0~9): 9(11.9%) 7(11.4%) 8(11.3%) 1(11.2%) 0(11.1%) 
位置5(0~9): 8(12.4%) 7(10.5%) 2(10.4%) 0(10.2%) 4(10.2%) 
位置6(0~9): 1(13.3%) 8(12.5%) 2(12.1%) 3(11.9%) 6(9.4%) 
位置7(0~14): 14(10.0%) 13(9.8%) 11(9.6%) 5(9.5%) 6(7.8%) 


【备选号码 Top3（各期）】
--------------------------------------------------

第 26036 期:
  位置1: 4(13%) 7(12%) 1(11%)
  位置2: 4(16%) 9(12%) 8(11%)
  位置3: 3(14%) 9(13%) 4(11%)
  位置4: 9(12%) 7(11%) 8(11%)
  位置5: 8(12%) 7(10%) 2(10%)
  位置6: 1(13%) 8(12%) 2(12%)
  位置7: 14(10%) 13(10%) 11(10%)

第 26037 期:
  位置1: 1(13%) 4(11%) 3(11%)
  位置2: 4(19%) 8(11%) 5(11%)
  位置3: 3(14%) 9(13%) 6(10%)
  位置4: 1(15%) 9(13%) 7(13%)
  位置5: 2(13%) 8(12%) 5(11%)
  位置6: 1(17%) 3(15%) 9(10%)
  位置7: 5(12%) 14(11%) 2(10%)

第 26038 期:
  位置1: 4(15%) 1(14%) 3(12%)
  位置2: 4(19%) 9(12%) 8(11%)
  位置3: 9(13%) 3(12%) 7(12%)
  位置4: 7(14%) 9(13%) 1(11%)
  位置5: 7(14%) 4(11%) 8(11%)
  位置6: 4(12%) 1(12%) 8(11%)
  位置7: 14(14%) 5(13%) 11(9%)

第 26039 期:
  位置1: 8(14%) 9(11%) 3(11%)
  位置2: 4(15%) 9(12%) 1(11%)
  位置3: 3(15%) 9(14%) 6(13%)
  位置4: 1(12%) 3(12%) 7(10%)
  位置5: 7(13%) 1(12%) 5(12%)
  位置6: 1(14%) 8(12%) 5(11%)
  位置7: 14(14%) 11(13%) 5(7%)

第 26040 期:
  位置1: 1(17%) 9(13%) 3(10%)
  位置2: 2(12%) 4(12%) 1(11%)
  位置3: 9(14%) 1(13%) 3(12%)
  位置4: 9(13%) 7(13%) 1(11%)
  位置5: 7(15%) 2(11%) 5(11%)
  位置6: 1(12%) 0(12%) 3(12%)
  位置7: 14(13%) 11(9%) 13(9%)


【算法一致性分析（第1期）】
--------------------------------------------------
位置1: 首选=4(13%) 一致性=0.007
位置2: 首选=4(16%) 一致性=0.014
位置3: 首选=3(14%) 一致性=0.010
位置4: 首选=9(12%) 一致性=0.005
位置5: 首选=8(12%) 一致性=0.004
位置6: 首选=1(13%) 一致性=0.009
位置7: 首选=14(10%) 一致性=0.017


【历史数据统计】
--------------------------------------------------
总期数: 823
和值均值: 34.20
和值范围: [11, 58]
位置7最大值: 14
位置7两位数比例: 35.5%

================================================================================
日志结束
================================================================================
