================================================================================
7星彩预测系统 v5.1 — 完整日志
时间: 2026-04-01 18:24:27
耗时: 170.1s | 数据: 823期
================================================================================

【最终预测结果】

第 26036 期:
  首选: [1 4 9 1 2 3 14] 置信度:12.2%
  次选: [3 4 1 1 7 3 13] 置信度:11.3%
  三选: [3 9 7 6 1 1 1] 置信度:9.5%

第 26037 期:
  首选: [1 5 9 1 2 3 14] 置信度:12.0%
  次选: [3 5 0 1 3 3 5] 置信度:11.2%
  三选: [2 2 9 8 6 5 8] 置信度:9.1%

第 26038 期:
  首选: [3 8 9 1 2 3 14] 置信度:11.7%
  次选: [1 8 3 1 3 3 11] 置信度:11.1%
  三选: [9 3 6 1 3 8 4] 置信度:9.6%

第 26039 期:
  首选: [3 9 9 7 2 3 14] 置信度:11.8%
  次选: [4 9 1 7 5 3 13] 置信度:11.0%
  三选: [5 4 0 5 1 4 4] 置信度:9.8%

第 26040 期:
  首选: [1 1 9 1 0 3 14] 置信度:11.8%
  次选: [3 1 3 1 7 3 13] 置信度:11.1%
  三选: [9 8 5 9 3 1 13] 置信度:9.8%


【各算法独立预测（缓存结果）】
        频率分析: [3 9 7 6 1 1 0] 和值=27
        热号冷号: [3 9 9 4 2 2 1] 和值=30
       马尔可夫链: [3 9 7 6 1 1 1] 和值=28
        加权近期: [3 9 9 5 2 2 1] 和值=31
        差值趋势: [0 2 0 2 0 8 1] 和值=13
        模式匹配: [3 9 8 6 2 2 2] 和值=32
         贝叶斯: [1 4 9 9 3 3 13] 和值=42
        随机森林: [4 2 6 5 7 6 4] 和值=34
        LSTM: [4 1 1 7 7 8 6] 和值=34
         GRU: [1 5 1 8 7 8 11] 和值=41
         GAN: [3 1 1 0 3 8 11] 和值=27
          RL: [6 6 4 1 1 3 10] 和值=31


【概率分布（第1期）】
  位置1: 1(13.5%) 3(11.0%) 4(10.8%) 7(10.3%) 8(10.2%)
  位置2: 4(12.1%) 9(11.9%) 1(10.7%) 8(10.3%) 5(10.1%)
  位置3: 9(13.9%) 1(11.2%) 8(10.7%) 4(9.9%) 0(9.7%)
  位置4: 1(12.4%) 7(11.1%) 0(10.7%) 9(10.2%) 8(9.8%)
  位置5: 2(11.7%) 7(10.5%) 8(10.2%) 3(9.9%) 0(9.8%)
  位置6: 3(12.6%) 8(11.5%) 2(11.5%) 7(10.1%) 0(9.6%)
  位置7: 14(9.3%) 13(9.2%) 11(8.2%) 5(7.6%) 6(7.6%)

================================================================================
