================================================================================
7星彩预测系统 v6.0 — 完整日志 (纯PyTorch多模型版)
时间: 2026-04-29 15:39:51
耗时: 300.7s | 数据: 835期
================================================================================

【最终预测结果】

第 26048 期:
  首选: [2 5 1 0 8 8 6] 置信度:10.7%
  次选: [1 5 2 0 7 8 13] 置信度:10.5%
  三选: [3 9 7 6 1 1 0] 置信度:9.1%

第 26049 期:
  首选: [1 9 1 9 7 8 5] 置信度:11.1%
  次选: [4 9 9 9 3 8 13] 置信度:10.5%
  三选: [2 2 9 9 6 5 8] 置信度:9.6%

第 26050 期:
  首选: [1 9 1 0 7 0 13] 置信度:10.6%
  次选: [6 9 5 0 3 0 11] 置信度:10.4%
  三选: [9 3 6 1 3 8 3] 置信度:9.5%

第 26051 期:
  首选: [7 9 1 3 7 8 13] 置信度:10.8%
  次选: [3 9 6 3 9 8 11] 置信度:10.4%
  三选: [5 4 0 5 1 4 4] 置信度:9.2%

第 26052 期:
  首选: [1 6 1 9 7 3 14] 置信度:10.7%
  次选: [4 6 5 9 3 3 13] 置信度:10.3%
  三选: [9 8 5 9 3 1 13] 置信度:9.9%


【各算法独立预测（缓存结果）】
          频率分析: [3 9 7 6 1 1 0] 和值=27
          热号冷号: [3 9 4 5 3 2 0] 和值=26
         马尔可夫链: [4 9 8 6 1 1 0] 和值=29
          加权近期: [3 9 8 5 2 1 1] 和值=29
          差值趋势: [2 0 1 2 5 8 9] 和值=27
          模式匹配: [2 8 5 5 0 0 0] 和值=20
           贝叶斯: [1 9 9 8 2 3 13] 和值=45
          随机森林: [6 3 1 5 6 2 4] 和值=27
          LSTM: [4 7 9 0 7 8 14] 和值=49
           GRU: [6 5 5 0 7 4 5] 和值=32
           GAN: [5 1 1 9 7 8 5] 和值=36
            RL: [6 6 4 1 1 3 10] 和值=31
   Transformer: [1 8 9 9 7 8 11] 和值=53
           TCN: [4 1 9 6 3 8 11] 和值=42
           MoE: [4 1 1 0 7 8 11] 和值=32


【概率分布（第1期）】
  位置1: 2(10.7%) 1(10.6%) 0(10.3%) 7(10.2%) 4(10.2%)
  位置2: 5(10.8%) 6(10.8%) 8(10.7%) 9(10.7%) 1(10.3%)
  位置3: 1(11.9%) 2(11.2%) 9(11.2%) 0(10.3%) 5(9.7%)
  位置4: 0(11.1%) 8(10.9%) 9(10.8%) 1(10.5%) 3(10.0%)
  位置5: 8(11.1%) 7(11.1%) 2(10.4%) 6(10.3%) 0(10.2%)
  位置6: 8(11.4%) 9(10.6%) 2(10.3%) 0(10.1%) 4(10.1%)
  位置7: 6(8.0%) 13(7.7%) 14(7.5%) 5(7.3%) 9(7.0%)

================================================================================
